2025-12-27 11:50:52:5052 [31merror[39m: [31mAuthentication error: read ECONNRESET[39m
2025-12-27 11:51:07:517 [31merror[39m: [31mAuthentication error: getaddrinfo ENOTFOUND aws-1-eu-west-1.pooler.supabase.com[39m
2025-12-27 18:18:46:1846 [31merror[39m: [31mAuthentication error: getaddrinfo ENOTFOUND aws-1-eu-west-1.pooler.supabase.com[39m
2025-12-27 18:18:46:1846 [31merror[39m: [31mAuthentication error: getaddrinfo ENOTFOUND aws-1-eu-west-1.pooler.supabase.com[39m
2025-12-27 18:42:32:4232 [31merror[39m: [31mOrder cleanup error: column orders.hidden does not exist[39m
2025-12-27 18:42:56:4256 [31merror[39m: [31mError fetching table orders: column orders.session_id does not exist[39m
2025-12-27 18:42:59:4259 [31merror[39m: [31mError fetching table orders: column orders.session_id does not exist[39m
2025-12-27 18:43:03:433 [31merror[39m: [31mError fetching table orders: column orders.session_id does not exist[39m
2025-12-27 18:43:12:4312 [31merror[39m: [31mError fetching table orders: column orders.session_id does not exist[39m
2025-12-27 18:43:15:4315 [31merror[39m: [31mError fetching table orders: column orders.session_id does not exist[39m
2025-12-27 18:43:19:4319 [31merror[39m: [31mError fetching table orders: column orders.session_id does not exist[39m
2025-12-27 18:43:32:4332 [31merror[39m: [31mOrder cleanup error: column orders.hidden does not exist[39m
2025-12-27 18:43:51:4351 [31merror[39m: [31mError creating order: column "session_id" of relation "orders" does not exist[39m
2025-12-27 18:44:01:441 [31merror[39m: [31mError fetching table orders: column orders.session_id does not exist[39m
2025-12-27 18:44:02:442 [31merror[39m: [31mError fetching orders: column orders.session_id does not exist[39m
2025-12-27 18:44:03:443 [31merror[39m: [31mError fetching orders: column orders.session_id does not exist[39m
2025-12-27 18:44:04:444 [31merror[39m: [31mError fetching orders: column orders.session_id does not exist[39m
2025-12-27 18:44:06:446 [31merror[39m: [31mError fetching orders: column orders.session_id does not exist[39m
2025-12-27 18:44:08:448 [31merror[39m: [31mError fetching orders: column orders.session_id does not exist[39m
2025-12-27 18:44:14:4414 [31merror[39m: [31mError fetching orders: column orders.session_id does not exist[39m
2025-12-27 18:44:18:4418 [31merror[39m: [31mError fetching table orders: column orders.session_id does not exist[39m
2025-12-27 18:44:23:4423 [31merror[39m: [31mError fetching table orders: column orders.session_id does not exist[39m
2025-12-27 18:44:30:4430 [31merror[39m: [31mError fetching table orders: column orders.session_id does not exist[39m
2025-12-27 18:44:32:4432 [31merror[39m: [31mOrder cleanup error: column orders.hidden does not exist[39m
2025-12-27 18:44:34:4434 [31merror[39m: [31mError fetching table orders: column orders.session_id does not exist[39m
2025-12-27 18:44:38:4438 [31merror[39m: [31mError fetching table orders: column orders.session_id does not exist[39m
2025-12-27 18:56:26:5626 [31merror[39m: [31mError: Connection terminated due to connection timeout[39m
2025-12-31 20:13:40:1340 [31merror[39m: [31mOrder cleanup error: Connection terminated due to connection timeout[39m
2025-12-31 20:54:19:5419 [31merror[39m: [31mOrder cleanup error: getaddrinfo ENOTFOUND aws-1-eu-west-1.pooler.supabase.com[39m
2025-12-31 21:08:16:816 [31merror[39m: [31mOrder cleanup error: Connection terminated due to connection timeout[39m
2026-01-01 12:09:09:99 [31merror[39m: [31mOrder cleanup error: Connection terminated due to connection timeout[39m
2026-01-06 00:39:44:3944 [31merror[39m: [31mError fetching restaurants: column "description" does not exist[39m
2026-01-06 00:39:46:3946 [31merror[39m: [31mError fetching restaurants: column "description" does not exist[39m
2026-01-06 00:39:48:3948 [31merror[39m: [31mError fetching restaurants: column "description" does not exist[39m
2026-01-06 00:40:32:4032 [31merror[39m: [31mError updating restaurant: column "description" does not exist[39m
2026-01-06 00:57:29:5729 [31merror[39m: [31mError in getMenuByTableQrCode: NO_LANGUAGES_AVAILABLE[39m
2026-01-06 00:57:29:5729 [31merror[39m: [31mError validating menu for redirect: NO_LANGUAGES_AVAILABLE[39m
2026-01-06 00:57:40:5740 [31merror[39m: [31mError in getMenuByTableQrCode: NO_LANGUAGES_AVAILABLE[39m
2026-01-06 00:57:40:5740 [31merror[39m: [31mError validating menu for redirect: NO_LANGUAGES_AVAILABLE[39m
2026-01-24 10:33:06:336 [31merror[39m: [31mOrder cleanup error: getaddrinfo ENOTFOUND aws-1-eu-west-1.pooler.supabase.com[39m
2026-01-24 12:57:28:5728 [31merror[39m: [31mJWT authentication error: column "password" does not exist[39m
2026-01-24 12:57:29:5729 [31merror[39m: [31mJWT authentication error: column "password" does not exist[39m
2026-01-24 12:57:53:5753 [31merror[39m: [31mJWT authentication error: column "password" does not exist[39m
2026-01-24 12:57:57:5757 [31merror[39m: [31mJWT authentication error: column "password" does not exist[39m
2026-01-28 17:40:27:4027 [31merror[39m: [31mError fetching ingredients: relation "ingredients" does not exist[39m
2026-01-28 17:40:28:4028 [31merror[39m: [31mError fetching ingredients: relation "ingredients" does not exist[39m
2026-01-28 17:40:41:4041 [31merror[39m: [31mError fetching ingredients: relation "ingredients" does not exist[39m
2026-01-28 17:40:43:4043 [31merror[39m: [31mError fetching ingredients: relation "ingredients" does not exist[39m
2026-01-28 17:40:58:4058 [31merror[39m: [31mError fetching ingredients: relation "ingredients" does not exist[39m
2026-01-28 17:41:00:410 [31merror[39m: [31mError fetching ingredients: relation "ingredients" does not exist[39m
2026-01-28 19:45:08:458 [31merror[39m: [31mOrder cleanup error: getaddrinfo ENOTFOUND aws-1-eu-west-1.pooler.supabase.com[39m
